<?xml version="1.0" encoding="UTF-8"?>
<testng-results skipped="0" failed="0" ignored="0" total="1" passed="1">
  <reporter-output>
  </reporter-output>
  <suite name="Default suite" duration-ms="42747" started-at="2020-04-24T09:26:13Z" finished-at="2020-04-24T09:26:55Z">
    <groups>
    </groups>
    <test name="Default test" duration-ms="42747" started-at="2020-04-24T09:26:13Z" finished-at="2020-04-24T09:26:55Z">
      <class name="test.TestClass">
        <test-method status="PASS" signature="test()[pri:0, instance:test.TestClass@c038203]" name="test" duration-ms="42699" started-at="2020-04-24T14:56:13Z" finished-at="2020-04-24T14:56:55Z">
          <reporter-output>
          </reporter-output>
        </test-method> <!-- test -->
      </class> <!-- test.TestClass -->
    </test> <!-- Default test -->
  </suite> <!-- Default suite -->
</testng-results>
