<?xml version="1.0" encoding="UTF-8"?>
<testng-results skipped="0" failed="0" ignored="0" total="1" passed="1">
  <reporter-output>
  </reporter-output>
  <suite name="Default suite" duration-ms="90621" started-at="2020-04-02T06:25:03Z" finished-at="2020-04-02T06:26:34Z">
    <groups>
    </groups>
    <test name="Default test" duration-ms="90621" started-at="2020-04-02T06:25:03Z" finished-at="2020-04-02T06:26:34Z">
      <class name="com.Demo1">
        <test-method status="PASS" signature="TestCase1()[pri:0, instance:com.Demo1@273e7444]" name="TestCase1" duration-ms="90578" started-at="2020-04-02T11:55:03Z" finished-at="2020-04-02T11:56:34Z">
          <reporter-output>
          </reporter-output>
        </test-method> <!-- TestCase1 -->
      </class> <!-- com.Demo1 -->
    </test> <!-- Default test -->
  </suite> <!-- Default suite -->
</testng-results>
