<?xml version="1.0" encoding="UTF-8"?>
<testng-results skipped="0" failed="0" ignored="0" total="1" passed="1">
  <reporter-output>
  </reporter-output>
  <suite name="Default suite" duration-ms="9188" started-at="2020-04-21T09:47:46Z" finished-at="2020-04-21T09:47:55Z">
    <groups>
    </groups>
    <test name="Default test" duration-ms="9188" started-at="2020-04-21T09:47:46Z" finished-at="2020-04-21T09:47:55Z">
      <class name="doubleClick.DoubleClickDemo">
        <test-method status="PASS" signature="doubleClick()[pri:0, instance:doubleClick.DoubleClickDemo@229c6181]" name="doubleClick" duration-ms="9125" started-at="2020-04-21T15:17:46Z" finished-at="2020-04-21T15:17:55Z">
          <reporter-output>
          </reporter-output>
        </test-method> <!-- doubleClick -->
      </class> <!-- doubleClick.DoubleClickDemo -->
    </test> <!-- Default test -->
  </suite> <!-- Default suite -->
</testng-results>
