<html>
<head><style type="text/css">h1 {background-color:#9999CC}
h2 {background-color:#BBBBCC}
h3 {background-color:#DDDDFF}
th {border:1px solid black;background-color:#CCCCDD;}
td{border:1px solid black;}
table {border:1px solid black;border-collapse: collapse;}
.chart {border:0px none black;border-collapse: collapse;background-color: none;}
.passed {background-color:lightgreen;font-weight:bold;color:darkgreen}
.skipped {background-color:silver;font-weight:bold;color:darkgray}
.failed {background-color:tomato;font-weight:bold;color:darkred}
.undefined {background-color:gold;font-weight:bold;color:goldenrod}
.known {background-color:goldenrod;font-weight:bold;color:darkred}
.passed_description {background-color:#D0FFD0;font-weight:bold;font-style:italic;color:black}
.failed_description {background-color:#FFA898;font-weight:bold;font-style:italic;color:black}
.comment {font-family:courier;font-weight:normal;font-size:small;color:black;border:1px dashed black;background-color:silver}
.tip {font-family:courier;font-weight:normal;font-size:small;color:white;background-color:black}
OL { counter-reset: item }
OL>LI { display: block }
OL>LI:before { content: counters(item, ".") " "; counter-increment: item }

div.header {
    display: block; text-align: center;
    position: running(header);
}
div.footer {
    display: block; text-align: center;
    position: running(footer);
}
div.content {page-break-after: always;}
@page {
	 size: landscape;
     @top-center {
     	content: "Detailed Results Report";
	    color: silver;
	    font-size: 14px;
     }
     @top-right {
     	content: date("dd MMM, yyyy hh:mm");
	    color: silver;
	    font-size: 8px;
     }
    @bottom-right {
    	content: "Page " counter(page) " of " counter(pages) ;
	    color: silver;
	    font-size: 8px;
    }
}
</style>
<title>Detailed Results Report</title>
<meta charset="UTF-8" />
</head>
  <body>
    <div class='header'></div>
    <div class='footer'></div>
<h1>Overview</h1>


<table>
	<tr><th></th><th>Passed</th><th>Failed</th><th>Known</th><th>Undefined</th><th>Total</th><th>%Passed</th></tr>
	<tr><th>Features</th>
		<td class="passed" id="features_passed">0</td>
		<td class="failed" id="features_failed">1</td>
		<td class="known" id="features_known">0</td>
		<td class="undefined" id="features_undefined">0</td>
		<td id="features_total">1</td>
		<td id="features_rate">
				0%
		</td>
	</tr>
	<tr><th>Scenarios</th>
		<td class="passed" id="scenarios_passed">0</td>
		<td class="failed" id="scenarios_failed">2</td>
		<td class="known" id="scenarios_known">0</td>
		<td class="undefined" id="scenarios_undefined">0</td>
		<td id="scenarios_total">2</td>
		<td id="scenarios_rate">
				0%
		</td>
	</tr>
	<tr><th>Steps</th>
		<td class="passed" id="steps_passed">0</td>
		<td class="failed" id="steps_failed">2</td>
		<td class="known" id="steps_known">0</td>
		<td class="undefined" id="steps_undefined">4</td>
		<td id="steps_total">6</td>
		<td id="steps_rate">
				0%
		</td>
	</tr>
</table>
<div><b>Overall Duration: 0h 00m 16s</b></div>

<a id="top"></a><h1>Table of Contents</h1>

<ol>
<li> <span class="failed"><a href="#feature-2google-test">Google Test</a></span>
	<ol>
        <li> <span class="failed"><a href="#sc-google-test;search-keywords-in-google;;2">Search keywords in Google</a></span></li>
        <li> <span class="failed"><a href="#sc-google-test;search-keywords-in-google;;3">Search keywords in Google</a></span></li>
    </ol></li>
</ol>

<h1>Detailed Results Report</h1>

<table width="700px">
	<tr class="failed"><td colspan="4"><b>Feature:</b> <a id="feature-2google-test">Google Test</a></td></tr>
    <tr class="failed">
    	<td><small><b>Passed:</b> 0</small></td>
        <td><small><b>Failed:</b> 2</small></td>
        <td><small><b>Undefined:</b> 0</small></td>
        <td><small>Duration: 16.79s</small></td>
    </tr>
	<tr class="failed">
		<td colspan="4" style="padding-left:20px">
		<table width="100%">
				<tr class="failed">
					<td colspan="4">
						<b>Scenario Outline:</b> <a id="sc-google-test;search-keywords-in-google;;2">Search keywords in Google</a>
					</td>
				</tr>
                <tr class="failed">
                	<td><small><b>Passed:</b> 0</small></td>
                	<td><small><b>Failed:</b> 1</small></td>
					<td><small><b>Undefined:</b> 2</small></td>
					<td><small>Duration: 8.43s</small></td>
				</tr>
                <tr class="failed">
	                <td colspan="4" style="padding-left:20px">
						<table width="100%">
                            	<tr class="failed">
                            		<td><b>Given </b> Google homepage is open</td>
                            		<td width="100">8.12s</td>
                        		</tr>
    								<tr class="failed">
										<td colspan="2">
											<br>org.openqa.selenium.WebDriverException: chrome not reachable</br><br>  (Session info: chrome=80.0.3987.162)</br><br>Build info: version: &#39;3.141.59&#39;, revision: &#39;e82be7d358&#39;, time: &#39;2018-11-14T08:17:03&#39;</br><br>System info: host: &#39;USER1-PC&#39;, ip: &#39;192.168.0.109&#39;, os.name: &#39;Windows 7&#39;, os.arch: &#39;x86&#39;, os.version: &#39;6.1&#39;, java.version: &#39;1.8.0_201&#39;</br><br>Driver info: org.openqa.selenium.chrome.ChromeDriver</br><br>Capabilities {acceptInsecureCerts: false, browserName: chrome, browserVersion: 80.0.3987.162, chrome: {chromedriverVersion: 80.0.3987.106 (f68069574609..., userDataDir: C:\Users\user1\AppData\Loca...}, goog:chromeOptions: {debuggerAddress: localhost:61570}, javascriptEnabled: true, networkConnectionEnabled: false, pageLoadStrategy: normal, platform: WINDOWS, platformName: WINDOWS, proxy: Proxy(), setWindowRect: true, strictFileInteractability: false, timeouts: {implicit: 0, pageLoad: 300000, script: 30000}, unhandledPromptBehavior: dismiss and notify}</br><br>Session ID: 63df9a59106bc59acb8ac5d61aa53b62</br><br>	at sun.reflect.NativeConstructorAccessorImpl.newInstance0(Native Method)</br><br>	at sun.reflect.NativeConstructorAccessorImpl.newInstance(NativeConstructorAccessorImpl.java:62)</br><br>	at sun.reflect.DelegatingConstructorAccessorImpl.newInstance(DelegatingConstructorAccessorImpl.java:45)</br><br>	at java.lang.reflect.Constructor.newInstance(Constructor.java:423)</br><br>	at org.openqa.selenium.remote.http.W3CHttpResponseCodec.createException(W3CHttpResponseCodec.java:187)</br><br>	at org.openqa.selenium.remote.http.W3CHttpResponseCodec.decode(W3CHttpResponseCodec.java:122)</br><br>	at org.openqa.selenium.remote.http.W3CHttpResponseCodec.decode(W3CHttpResponseCodec.java:49)</br><br>	at org.openqa.selenium.remote.HttpCommandExecutor.execute(HttpCommandExecutor.java:158)</br><br>	at org.openqa.selenium.remote.service.DriverCommandExecutor.execute(DriverCommandExecutor.java:83)</br><br>	at org.openqa.selenium.remote.RemoteWebDriver.execute(RemoteWebDriver.java:552)</br><br>	at org.openqa.selenium.remote.RemoteWebDriver.get(RemoteWebDriver.java:277)</br><br>	at stepDefinitions.GoogleStepDef.googleHomepageIsOpen(GoogleStepDef.java:39)</br><br>	at ✽.Given Google homepage is open(C:/DevEnvironment/IntelliJ Workspace/MPOS_Suite/./src/test/resources/features/Google.feature:5)</br><br></br>
										</td>
									</tr>
                            	<tr class="skipped">
                            		<td><b>When </b> Enter &quot;USA&quot; in Search box</td>
                            		<td width="100">0.00s</td>
                        		</tr>
                            	<tr class="skipped">
                            		<td><b>Then </b> Google displays relevant search result</td>
                            		<td width="100">0.00s</td>
                        		</tr>
						</table>
					</td>
				</tr>
				
					<tr class="failed">
						<td>After</td>
						<td colspan="2"></td>
						<td width="100">0.32s</td>
					</tr>
                	<tr class="failed">
                		<td colspan="4">
							<br>org.openqa.selenium.WebDriverException: chrome not reachable</br><br>  (Session info: chrome=80.0.3987.162)</br><br>Build info: version: &#39;3.141.59&#39;, revision: &#39;e82be7d358&#39;, time: &#39;2018-11-14T08:17:03&#39;</br><br>System info: host: &#39;USER1-PC&#39;, ip: &#39;192.168.0.109&#39;, os.name: &#39;Windows 7&#39;, os.arch: &#39;x86&#39;, os.version: &#39;6.1&#39;, java.version: &#39;1.8.0_201&#39;</br><br>Driver info: org.openqa.selenium.chrome.ChromeDriver</br><br>Capabilities {acceptInsecureCerts: false, browserName: chrome, browserVersion: 80.0.3987.162, chrome: {chromedriverVersion: 80.0.3987.106 (f68069574609..., userDataDir: C:\Users\user1\AppData\Loca...}, goog:chromeOptions: {debuggerAddress: localhost:61570}, javascriptEnabled: true, networkConnectionEnabled: false, pageLoadStrategy: normal, platform: WINDOWS, platformName: WINDOWS, proxy: Proxy(), setWindowRect: true, strictFileInteractability: false, timeouts: {implicit: 0, pageLoad: 300000, script: 30000}, unhandledPromptBehavior: dismiss and notify}</br><br>Session ID: 63df9a59106bc59acb8ac5d61aa53b62</br><br>	at sun.reflect.NativeConstructorAccessorImpl.newInstance0(Native Method)</br><br>	at sun.reflect.NativeConstructorAccessorImpl.newInstance(NativeConstructorAccessorImpl.java:62)</br><br>	at sun.reflect.DelegatingConstructorAccessorImpl.newInstance(DelegatingConstructorAccessorImpl.java:45)</br><br>	at java.lang.reflect.Constructor.newInstance(Constructor.java:423)</br><br>	at org.openqa.selenium.remote.http.W3CHttpResponseCodec.createException(W3CHttpResponseCodec.java:187)</br><br>	at org.openqa.selenium.remote.http.W3CHttpResponseCodec.decode(W3CHttpResponseCodec.java:122)</br><br>	at org.openqa.selenium.remote.http.W3CHttpResponseCodec.decode(W3CHttpResponseCodec.java:49)</br><br>	at org.openqa.selenium.remote.HttpCommandExecutor.execute(HttpCommandExecutor.java:158)</br><br>	at org.openqa.selenium.remote.service.DriverCommandExecutor.execute(DriverCommandExecutor.java:83)</br><br>	at org.openqa.selenium.remote.RemoteWebDriver.execute(RemoteWebDriver.java:552)</br><br>	at org.openqa.selenium.remote.RemoteWebDriver.execute(RemoteWebDriver.java:609)</br><br>	at org.openqa.selenium.remote.RemoteWebDriver.close(RemoteWebDriver.java:442)</br><br>	at stepDefinitions.Hooks.wrapUp(Hooks.java:16)</br><br>	at sun.reflect.NativeMethodAccessorImpl.invoke0(Native Method)</br><br>	at sun.reflect.NativeMethodAccessorImpl.invoke(NativeMethodAccessorImpl.java:62)</br><br>	at sun.reflect.DelegatingMethodAccessorImpl.invoke(DelegatingMethodAccessorImpl.java:43)</br><br>	at java.lang.reflect.Method.invoke(Method.java:498)</br><br>	at cucumber.runtime.Utils$1.call(Utils.java:40)</br><br>	at cucumber.runtime.Timeout.timeout(Timeout.java:16)</br><br>	at cucumber.runtime.Utils.invoke(Utils.java:34)</br><br>	at cucumber.runtime.java.JavaHookDefinition.execute(JavaHookDefinition.java:60)</br><br>	at cucumber.runtime.ExtendedRuntime.runHookIfTagsMatch(ExtendedRuntime.java:236)</br><br>	at cucumber.runtime.ExtendedRuntime.runHooks(ExtendedRuntime.java:224)</br><br>	at cucumber.runtime.ExtendedRuntime.runAfterHooks(ExtendedRuntime.java:218)</br><br>	at cucumber.runtime.model.CucumberScenario.run(CucumberScenario.java:46)</br><br>	at com.github.mkolisnyk.cucumber.runner.ExtendedExecutionUnitRunner.run(ExtendedExecutionUnitRunner.java:32)</br><br>	at com.github.mkolisnyk.cucumber.runner.ExtendedExamplesRunner.retry(ExtendedExamplesRunner.java:151)</br><br>	at com.github.mkolisnyk.cucumber.runner.ExtendedExamplesRunner.runChild(ExtendedExamplesRunner.java:120)</br><br>	at com.github.mkolisnyk.cucumber.runner.ExtendedExamplesRunner.runChild(ExtendedExamplesRunner.java:21)</br><br>	at org.junit.runners.ParentRunner$3.run(ParentRunner.java:290)</br><br>	at org.junit.runners.ParentRunner$1.schedule(ParentRunner.java:71)</br><br>	at org.junit.runners.ParentRunner.runChildren(ParentRunner.java:288)</br><br>	at org.junit.runners.ParentRunner.access$000(ParentRunner.java:58)</br><br>	at org.junit.runners.ParentRunner$2.evaluate(ParentRunner.java:268)</br><br>	at org.junit.runners.ParentRunner.run(ParentRunner.java:363)</br><br>	at com.github.mkolisnyk.cucumber.runner.ExtendedExamplesRunner.run(ExtendedExamplesRunner.java:94)</br><br>	at org.junit.runners.Suite.runChild(Suite.java:128)</br><br>	at com.github.mkolisnyk.cucumber.runner.ExtendedScenarioOutlineRunner.runChild(ExtendedScenarioOutlineRunner.java:75)</br><br>	at com.github.mkolisnyk.cucumber.runner.ExtendedScenarioOutlineRunner.runChild(ExtendedScenarioOutlineRunner.java:18)</br><br>	at org.junit.runners.ParentRunner$3.run(ParentRunner.java:290)</br><br>	at org.junit.runners.ParentRunner$1.schedule(ParentRunner.java:71)</br><br>	at org.junit.runners.ParentRunner.runChildren(ParentRunner.java:288)</br><br>	at org.junit.runners.ParentRunner.access$000(ParentRunner.java:58)</br><br>	at org.junit.runners.ParentRunner$2.evaluate(ParentRunner.java:268)</br><br>	at org.junit.runners.ParentRunner.run(ParentRunner.java:363)</br><br>	at com.github.mkolisnyk.cucumber.runner.ExtendedScenarioOutlineRunner.run(ExtendedScenarioOutlineRunner.java:70)</br><br>	at com.github.mkolisnyk.cucumber.runner.ExtendedFeatureRunner.runChild(ExtendedFeatureRunner.java:81)</br><br>	at com.github.mkolisnyk.cucumber.runner.ExtendedFeatureRunner.runChild(ExtendedFeatureRunner.java:23)</br><br>	at org.junit.runners.ParentRunner$3.run(ParentRunner.java:290)</br><br>	at org.junit.runners.ParentRunner$1.schedule(ParentRunner.java:71)</br><br>	at org.junit.runners.ParentRunner.runChildren(ParentRunner.java:288)</br><br>	at org.junit.runners.ParentRunner.access$000(ParentRunner.java:58)</br><br>	at org.junit.runners.ParentRunner$2.evaluate(ParentRunner.java:268)</br><br>	at org.junit.runners.ParentRunner.run(ParentRunner.java:363)</br><br>	at cucumber.runtime.junit.FeatureRunner.run(FeatureRunner.java:70)</br><br>	at com.github.mkolisnyk.cucumber.runner.ExtendedCucumber.runChild(ExtendedCucumber.java:108)</br><br>	at com.github.mkolisnyk.cucumber.runner.ExtendedCucumber.runChild(ExtendedCucumber.java:32)</br><br>	at org.junit.runners.ParentRunner$3.run(ParentRunner.java:290)</br><br>	at org.junit.runners.ParentRunner$1.schedule(ParentRunner.java:71)</br><br>	at org.junit.runners.ParentRunner.runChildren(ParentRunner.java:288)</br><br>	at org.junit.runners.ParentRunner.access$000(ParentRunner.java:58)</br><br>	at org.junit.runners.ParentRunner$2.evaluate(ParentRunner.java:268)</br><br>	at org.junit.runners.ParentRunner.run(ParentRunner.java:363)</br><br>	at com.github.mkolisnyk.cucumber.runner.ExtendedCucumber.run(ExtendedCucumber.java:148)</br><br>	at com.github.mkolisnyk.cucumber.runner.parallel.CucumberRunnerThread.run(CucumberRunnerThread.java:25)</br><br>	at java.lang.Thread.run(Thread.java:748)</br><br></br>
						</td>
                	</tr>
                <tr><td colspan="5"><sup><a href="#top">Back to Table of Contents</a></sup></td></tr>
				<tr class="failed">
					<td colspan="4">
						<b>Scenario Outline:</b> <a id="sc-google-test;search-keywords-in-google;;3">Search keywords in Google</a>
					</td>
				</tr>
                <tr class="failed">
                	<td><small><b>Passed:</b> 0</small></td>
                	<td><small><b>Failed:</b> 1</small></td>
					<td><small><b>Undefined:</b> 2</small></td>
					<td><small>Duration: 8.36s</small></td>
				</tr>
                <tr class="failed">
	                <td colspan="4" style="padding-left:20px">
						<table width="100%">
                            	<tr class="failed">
                            		<td><b>Given </b> Google homepage is open</td>
                            		<td width="100">8.12s</td>
                        		</tr>
    								<tr class="failed">
										<td colspan="2">
											<br>org.openqa.selenium.WebDriverException: chrome not reachable</br><br>  (Session info: chrome=80.0.3987.162)</br><br>Build info: version: &#39;3.141.59&#39;, revision: &#39;e82be7d358&#39;, time: &#39;2018-11-14T08:17:03&#39;</br><br>System info: host: &#39;USER1-PC&#39;, ip: &#39;192.168.0.109&#39;, os.name: &#39;Windows 7&#39;, os.arch: &#39;x86&#39;, os.version: &#39;6.1&#39;, java.version: &#39;1.8.0_201&#39;</br><br>Driver info: org.openqa.selenium.chrome.ChromeDriver</br><br>Capabilities {acceptInsecureCerts: false, browserName: chrome, browserVersion: 80.0.3987.162, chrome: {chromedriverVersion: 80.0.3987.106 (f68069574609..., userDataDir: C:\Users\user1\AppData\Loca...}, goog:chromeOptions: {debuggerAddress: localhost:61570}, javascriptEnabled: true, networkConnectionEnabled: false, pageLoadStrategy: normal, platform: WINDOWS, platformName: WINDOWS, proxy: Proxy(), setWindowRect: true, strictFileInteractability: false, timeouts: {implicit: 0, pageLoad: 300000, script: 30000}, unhandledPromptBehavior: dismiss and notify}</br><br>Session ID: 63df9a59106bc59acb8ac5d61aa53b62</br><br>	at sun.reflect.GeneratedConstructorAccessor16.newInstance(Unknown Source)</br><br>	at sun.reflect.DelegatingConstructorAccessorImpl.newInstance(DelegatingConstructorAccessorImpl.java:45)</br><br>	at java.lang.reflect.Constructor.newInstance(Constructor.java:423)</br><br>	at org.openqa.selenium.remote.http.W3CHttpResponseCodec.createException(W3CHttpResponseCodec.java:187)</br><br>	at org.openqa.selenium.remote.http.W3CHttpResponseCodec.decode(W3CHttpResponseCodec.java:122)</br><br>	at org.openqa.selenium.remote.http.W3CHttpResponseCodec.decode(W3CHttpResponseCodec.java:49)</br><br>	at org.openqa.selenium.remote.HttpCommandExecutor.execute(HttpCommandExecutor.java:158)</br><br>	at org.openqa.selenium.remote.service.DriverCommandExecutor.execute(DriverCommandExecutor.java:83)</br><br>	at org.openqa.selenium.remote.RemoteWebDriver.execute(RemoteWebDriver.java:552)</br><br>	at org.openqa.selenium.remote.RemoteWebDriver.get(RemoteWebDriver.java:277)</br><br>	at stepDefinitions.GoogleStepDef.googleHomepageIsOpen(GoogleStepDef.java:39)</br><br>	at ✽.Given Google homepage is open(C:/DevEnvironment/IntelliJ Workspace/MPOS_Suite/./src/test/resources/features/Google.feature:5)</br><br></br>
										</td>
									</tr>
                            	<tr class="skipped">
                            		<td><b>When </b> Enter &quot;Uganda&quot; in Search box</td>
                            		<td width="100">0.00s</td>
                        		</tr>
                            	<tr class="skipped">
                            		<td><b>Then </b> Google displays relevant search result</td>
                            		<td width="100">0.00s</td>
                        		</tr>
						</table>
					</td>
				</tr>
				
					<tr class="failed">
						<td>After</td>
						<td colspan="2"></td>
						<td width="100">0.24s</td>
					</tr>
                	<tr class="failed">
                		<td colspan="4">
							<br>org.openqa.selenium.WebDriverException: chrome not reachable</br><br>  (Session info: chrome=80.0.3987.162)</br><br>Build info: version: &#39;3.141.59&#39;, revision: &#39;e82be7d358&#39;, time: &#39;2018-11-14T08:17:03&#39;</br><br>System info: host: &#39;USER1-PC&#39;, ip: &#39;192.168.0.109&#39;, os.name: &#39;Windows 7&#39;, os.arch: &#39;x86&#39;, os.version: &#39;6.1&#39;, java.version: &#39;1.8.0_201&#39;</br><br>Driver info: org.openqa.selenium.chrome.ChromeDriver</br><br>Capabilities {acceptInsecureCerts: false, browserName: chrome, browserVersion: 80.0.3987.162, chrome: {chromedriverVersion: 80.0.3987.106 (f68069574609..., userDataDir: C:\Users\user1\AppData\Loca...}, goog:chromeOptions: {debuggerAddress: localhost:61570}, javascriptEnabled: true, networkConnectionEnabled: false, pageLoadStrategy: normal, platform: WINDOWS, platformName: WINDOWS, proxy: Proxy(), setWindowRect: true, strictFileInteractability: false, timeouts: {implicit: 0, pageLoad: 300000, script: 30000}, unhandledPromptBehavior: dismiss and notify}</br><br>Session ID: 63df9a59106bc59acb8ac5d61aa53b62</br><br>	at sun.reflect.GeneratedConstructorAccessor16.newInstance(Unknown Source)</br><br>	at sun.reflect.DelegatingConstructorAccessorImpl.newInstance(DelegatingConstructorAccessorImpl.java:45)</br><br>	at java.lang.reflect.Constructor.newInstance(Constructor.java:423)</br><br>	at org.openqa.selenium.remote.http.W3CHttpResponseCodec.createException(W3CHttpResponseCodec.java:187)</br><br>	at org.openqa.selenium.remote.http.W3CHttpResponseCodec.decode(W3CHttpResponseCodec.java:122)</br><br>	at org.openqa.selenium.remote.http.W3CHttpResponseCodec.decode(W3CHttpResponseCodec.java:49)</br><br>	at org.openqa.selenium.remote.HttpCommandExecutor.execute(HttpCommandExecutor.java:158)</br><br>	at org.openqa.selenium.remote.service.DriverCommandExecutor.execute(DriverCommandExecutor.java:83)</br><br>	at org.openqa.selenium.remote.RemoteWebDriver.execute(RemoteWebDriver.java:552)</br><br>	at org.openqa.selenium.remote.RemoteWebDriver.execute(RemoteWebDriver.java:609)</br><br>	at org.openqa.selenium.remote.RemoteWebDriver.close(RemoteWebDriver.java:442)</br><br>	at stepDefinitions.Hooks.wrapUp(Hooks.java:16)</br><br>	at sun.reflect.GeneratedMethodAccessor49.invoke(Unknown Source)</br><br>	at sun.reflect.DelegatingMethodAccessorImpl.invoke(DelegatingMethodAccessorImpl.java:43)</br><br>	at java.lang.reflect.Method.invoke(Method.java:498)</br><br>	at cucumber.runtime.Utils$1.call(Utils.java:40)</br><br>	at cucumber.runtime.Timeout.timeout(Timeout.java:16)</br><br>	at cucumber.runtime.Utils.invoke(Utils.java:34)</br><br>	at cucumber.runtime.java.JavaHookDefinition.execute(JavaHookDefinition.java:60)</br><br>	at cucumber.runtime.ExtendedRuntime.runHookIfTagsMatch(ExtendedRuntime.java:236)</br><br>	at cucumber.runtime.ExtendedRuntime.runHooks(ExtendedRuntime.java:224)</br><br>	at cucumber.runtime.ExtendedRuntime.runAfterHooks(ExtendedRuntime.java:218)</br><br>	at cucumber.runtime.model.CucumberScenario.run(CucumberScenario.java:46)</br><br>	at com.github.mkolisnyk.cucumber.runner.ExtendedExecutionUnitRunner.run(ExtendedExecutionUnitRunner.java:32)</br><br>	at com.github.mkolisnyk.cucumber.runner.ExtendedExamplesRunner.retry(ExtendedExamplesRunner.java:151)</br><br>	at com.github.mkolisnyk.cucumber.runner.ExtendedExamplesRunner.runChild(ExtendedExamplesRunner.java:120)</br><br>	at com.github.mkolisnyk.cucumber.runner.ExtendedExamplesRunner.runChild(ExtendedExamplesRunner.java:21)</br><br>	at org.junit.runners.ParentRunner$3.run(ParentRunner.java:290)</br><br>	at org.junit.runners.ParentRunner$1.schedule(ParentRunner.java:71)</br><br>	at org.junit.runners.ParentRunner.runChildren(ParentRunner.java:288)</br><br>	at org.junit.runners.ParentRunner.access$000(ParentRunner.java:58)</br><br>	at org.junit.runners.ParentRunner$2.evaluate(ParentRunner.java:268)</br><br>	at org.junit.runners.ParentRunner.run(ParentRunner.java:363)</br><br>	at com.github.mkolisnyk.cucumber.runner.ExtendedExamplesRunner.run(ExtendedExamplesRunner.java:94)</br><br>	at org.junit.runners.Suite.runChild(Suite.java:128)</br><br>	at com.github.mkolisnyk.cucumber.runner.ExtendedScenarioOutlineRunner.runChild(ExtendedScenarioOutlineRunner.java:75)</br><br>	at com.github.mkolisnyk.cucumber.runner.ExtendedScenarioOutlineRunner.runChild(ExtendedScenarioOutlineRunner.java:18)</br><br>	at org.junit.runners.ParentRunner$3.run(ParentRunner.java:290)</br><br>	at org.junit.runners.ParentRunner$1.schedule(ParentRunner.java:71)</br><br>	at org.junit.runners.ParentRunner.runChildren(ParentRunner.java:288)</br><br>	at org.junit.runners.ParentRunner.access$000(ParentRunner.java:58)</br><br>	at org.junit.runners.ParentRunner$2.evaluate(ParentRunner.java:268)</br><br>	at org.junit.runners.ParentRunner.run(ParentRunner.java:363)</br><br>	at com.github.mkolisnyk.cucumber.runner.ExtendedScenarioOutlineRunner.run(ExtendedScenarioOutlineRunner.java:70)</br><br>	at com.github.mkolisnyk.cucumber.runner.ExtendedFeatureRunner.runChild(ExtendedFeatureRunner.java:81)</br><br>	at com.github.mkolisnyk.cucumber.runner.ExtendedFeatureRunner.runChild(ExtendedFeatureRunner.java:23)</br><br>	at org.junit.runners.ParentRunner$3.run(ParentRunner.java:290)</br><br>	at org.junit.runners.ParentRunner$1.schedule(ParentRunner.java:71)</br><br>	at org.junit.runners.ParentRunner.runChildren(ParentRunner.java:288)</br><br>	at org.junit.runners.ParentRunner.access$000(ParentRunner.java:58)</br><br>	at org.junit.runners.ParentRunner$2.evaluate(ParentRunner.java:268)</br><br>	at org.junit.runners.ParentRunner.run(ParentRunner.java:363)</br><br>	at cucumber.runtime.junit.FeatureRunner.run(FeatureRunner.java:70)</br><br>	at com.github.mkolisnyk.cucumber.runner.ExtendedCucumber.runChild(ExtendedCucumber.java:108)</br><br>	at com.github.mkolisnyk.cucumber.runner.ExtendedCucumber.runChild(ExtendedCucumber.java:32)</br><br>	at org.junit.runners.ParentRunner$3.run(ParentRunner.java:290)</br><br>	at org.junit.runners.ParentRunner$1.schedule(ParentRunner.java:71)</br><br>	at org.junit.runners.ParentRunner.runChildren(ParentRunner.java:288)</br><br>	at org.junit.runners.ParentRunner.access$000(ParentRunner.java:58)</br><br>	at org.junit.runners.ParentRunner$2.evaluate(ParentRunner.java:268)</br><br>	at org.junit.runners.ParentRunner.run(ParentRunner.java:363)</br><br>	at com.github.mkolisnyk.cucumber.runner.ExtendedCucumber.run(ExtendedCucumber.java:148)</br><br>	at com.github.mkolisnyk.cucumber.runner.parallel.CucumberRunnerThread.run(CucumberRunnerThread.java:25)</br><br>	at java.lang.Thread.run(Thread.java:748)</br><br></br>
						</td>
                	</tr>
                <tr><td colspan="5"><sup><a href="#top">Back to Table of Contents</a></sup></td></tr>
		</table>
	</td></tr><tr><td colspan="5"></td></tr>
</table>

	</body>
</html>
